[INFO ] [2023-03-20 16:57:03,862] OS name = windows 10
[INFO ] [2023-03-20 16:57:03,863] Driver instance name = firefoxdriver: firefox on windows (8b2494b0-d257-4e68-b9d0-3a533bdc9155)
[INFO ] [2023-03-20 16:57:17,548] OS name = windows 10
[INFO ] [2023-03-20 16:57:17,550] Driver instance name = firefoxdriver: firefox on windows (8d36dea9-a180-40ea-ac46-869cc4dbbb2e)
[INFO ] [2023-03-20 16:59:05,077] OS name = windows 10
[INFO ] [2023-03-20 16:59:05,078] Driver instance name = firefoxdriver: firefox on windows (67d3f541-b8d6-4798-89e1-80334b4a21fa)
[INFO ] [2023-03-20 16:59:18,347] OS name = windows 10
[INFO ] [2023-03-20 16:59:18,347] Driver instance name = firefoxdriver: firefox on windows (83ea96c9-fa5d-48c9-ba02-778fc206269b)
[INFO ] [2023-03-20 16:59:49,937] OS name = windows 10
[INFO ] [2023-03-20 16:59:49,937] Driver instance name = firefoxdriver: firefox on windows (718d2077-00f8-477b-9383-77208dcfdfe4)
[INFO ] [2023-03-20 17:00:09,500] OS name = windows 10
[INFO ] [2023-03-20 17:00:09,500] Driver instance name = firefoxdriver: firefox on windows (448a179e-cedb-411f-974e-d7d35ea7a7fb)
[INFO ] [2023-03-20 17:00:46,792] OS name = windows 10
[INFO ] [2023-03-20 17:00:46,793] Driver instance name = firefoxdriver: firefox on windows (ea1e3613-2cbf-4a4f-9b5b-003783e1b4f4)
[INFO ] [2023-03-20 17:02:03,514] OS name = windows 10
[INFO ] [2023-03-20 17:02:03,514] Driver instance name = firefoxdriver: firefox on windows (8f867bd6-f263-44b8-8442-64a72b0df770)
[INFO ] [2023-03-20 17:02:09,549] OS name = windows 10
[INFO ] [2023-03-20 17:02:09,550] Driver instance name = firefoxdriver: firefox on windows (a5b06ea8-38be-4190-9d8f-e3a7e5adfc20)
[INFO ] [2023-03-20 21:39:46,078] OS name = windows 10
[INFO ] [2023-03-20 21:39:46,088] Driver instance name = firefoxdriver: firefox on windows (7870e787-aa2d-4a66-866f-5a73823cb9c2)
[INFO ] [2023-03-20 22:02:13,014] OS name = windows 10
[INFO ] [2023-03-20 22:02:13,015] Driver instance name = firefoxdriver: firefox on windows (118943f5-42a5-4774-9b1c-2d8d4c10d395)
[INFO ] [2023-03-20 22:24:28,883] OS name = windows 10
[INFO ] [2023-03-20 22:24:28,883] Driver instance name = firefoxdriver: firefox on windows (fd82b4dc-555e-4ac6-9022-086ddf1ea6b5)
[INFO ] [2023-03-20 22:27:07,693] OS name = windows 10
[INFO ] [2023-03-20 22:27:07,694] Driver instance name = firefoxdriver: firefox on windows (d3718757-fb3f-4f68-aac2-ccf473fa1af9)
[INFO ] [2023-03-20 22:31:09,600] OS name = windows 10
[INFO ] [2023-03-20 22:31:09,601] Driver instance name = firefoxdriver: firefox on windows (724e81f2-f534-4ded-857b-2fe188ffebe5)
[INFO ] [2023-03-20 22:31:51,685] OS name = windows 10
[INFO ] [2023-03-20 22:31:51,685] Driver instance name = firefoxdriver: firefox on windows (0a55bd2c-fd3b-479a-887c-430e340210ad)
[INFO ] [2023-03-20 22:34:06,198] OS name = windows 10
[INFO ] [2023-03-20 22:34:06,199] Driver instance name = firefoxdriver: firefox on windows (36419df4-57e5-449e-82b0-bc3673d656aa)
[INFO ] [2023-03-21 17:34:39,561] OS name = windows 10
[INFO ] [2023-03-21 17:34:39,561] Driver instance name = firefoxdriver: firefox on windows (60ca4d9b-9e0b-4e3e-ad94-0971251bba0b)
[INFO ] [2023-03-21 17:38:39,686] OS name = windows 10
[INFO ] [2023-03-21 17:38:39,686] Driver instance name = firefoxdriver: firefox on windows (bb811f03-5ed7-44a0-add1-0587fd334d5c)
[INFO ] [2023-03-21 17:39:49,729] OS name = windows 10
[INFO ] [2023-03-21 17:39:49,729] Driver instance name = firefoxdriver: firefox on windows (5232c5c9-16b0-443c-aeae-f0943eee168d)
[INFO ] [2023-03-21 17:43:19,141] OS name = windows 10
[INFO ] [2023-03-21 17:43:19,141] Driver instance name = firefoxdriver: firefox on windows (d0b4ec57-3699-4cff-a62f-25e837efbab5)
[INFO ] [2023-03-21 17:45:05,499] OS name = windows 10
[INFO ] [2023-03-21 17:45:05,499] Driver instance name = firefoxdriver: firefox on windows (95f87169-2d24-4cf8-aecf-050e17d634e6)
[INFO ] [2023-03-21 17:54:44,096] OS name = windows 10
[INFO ] [2023-03-21 17:54:44,096] Driver instance name = firefoxdriver: firefox on windows (d963b91a-55a5-4878-8140-6e8e4b0b93ac)
[INFO ] [2023-03-21 17:57:24,622] OS name = windows 10
[INFO ] [2023-03-21 17:57:24,622] Driver instance name = firefoxdriver: firefox on windows (d3aa54f4-740a-47ec-a1f8-26c9c55ea7fa)
